TracePoint:
	disable                        1
	enable                         1

File:
	set_encoding                   92

Module:
	suffixes                       117
	find_unresolved_default_spec   117
	const_set                      100
	method_added                   93
	singleton_method_added         56
	module_function                31
	append_features                12
	included                       12
	autoload                       9
	register                       9
	_make_regex                    3
	attr_reader                    3
	require                        3
	gem_original_require           3
	set_close_on_exec              2
	public                         2
	instance_method                1
	extended                       1
	__init__                       1
	getservername                  1
	_make_regex!                   1
	ruby                           1
	extend_object                  1
	private                        1
	attr_accessor                  1
	create_listeners               1
	caller                         1

String:
	gsub                           100
	freeze                         55
	upcase                         50
	to_s                           18
	is_a?                          8
	respond_to?                    8
	to_str                         8
	to_i                           5
	dup                            1
	scan                           1
	initialize_dup                 1
	initialize_copy                1
	hash                           1
	sub!                           1

Hash:
	shift                          100
	[]=                            73
	update                         2
	keys                           2
	initialize                     2
	initialize_copy                2
	dup                            2
	initialize_dup                 2
	freeze                         1
	each                           1

Object:
	require                        113
	gem_original_require           113
	[]                             1
	tracers                        1

Array:
	each                           119
	push                           100
	freeze                         8
	join                           6
	hash                           3
	sort!                          2
	collect!                       2
	reverse!                       2
	taint                          1
	collect                        1
	eql?                           1
	initialize                     1
	map                            1

Class:
	method_added                   711
	hash                           200
	handle_interrupt               200
	inherited                      130
	unresolved_deps                117
	singleton_method_added         106
	instance_variable_set          100
	new                            75
	attr_reader                    51
	initialize                     50
	private                        42
	attr_accessor                  32
	protected                      22
	include                        11
	===                            9
	now                            9
	escape                         5
	to_s                           3
	regist_scanner                 3
	add_handler                    2
	private_class_method           1
	gethostname                    1
	dirname                        1
	gem_original_require           1
	instance_eval                  1
	extend                         1
	gethostbyname                  1
	instance_of?                   1
	quote                          1
	require                        1
	run                            1
	join                           1
	getaddrinfo                    1
	convert                        1
	inspect                        1
	block_given?                   1
	start                          1
	default_scanner=               1
	select                         1

Range:
	include?                       179
	===                            179
	each                           2
	collect                        2

Fixnum:
	<=>                            358
	chr                            160
	divmod                         18
	+                              9
	to_s                           7
	nil?                           2
	times                          1

Regexp:
	=~                             7
	!~                             6
	initialize                     4
	freeze                         2

Mutex:
	synchronize                    200
	initialize                     5

SocketError:
	backtrace                      1
	exception                      1
	initialize                     1

WEBrick::HTTPVersion:
	is_a?                          1
	initialize                     1

NilClass:
	hash                           2
	eql?                           1

FalseClass:
	hash                           3
	eql?                           1

WEBrick::HTTPServer:
	initialize                     2
	call_callback                  2
	class                          2
	start                          1
	sprintf                        1
	mount                          1
	listen                         1
	raise                          1

WEBrick::Log:
	log                            18
	format                         9
	info                           5
	debug                          3
	initialize                     2
	fatal                          1

SizedQueue:
	push                           100
	initialize                     2
	taint                          1

ConditionVariable:
	signal                         100
	initialize                     2

Time:
	strftime                       9
	initialize                     9

IO:
	write                          6
	<<                             6

TCPServer:
	fcntl                          2
	initialize                     2

WEBrick::HTTPServer::MountTable:
	compile                        2
	[]=                            1
	normalize                      1
	initialize                     1

Symbol:
	==                             2
	to_proc                        1
	!=                             1

ThreadGroup:
	list                           1
	initialize                     1

Interrupt:
	initialize                     3
	backtrace                      3
	exception                      2
	is_a?                          1
	respond_to_missing?            1
	class                          1
	message                        1
	to_s                           1

-------------
Totals:
	Class                           1897
	Module                          583
	Fixnum                          555
	Range                           362
	String                          258
	Array                           247
	Object                          228
	Mutex                           205
	Hash                            187
	SizedQueue                      103
	ConditionVariable               102
	File                            92
	WEBrick::Log                    38
	Regexp                          19
	Time                            18
	Interrupt                       13
	IO                              12
	WEBrick::HTTPServer             11
	WEBrick::HTTPServer::MountTable 5
	FalseClass                      4
	TCPServer                       4
	Symbol                          4
	SocketError                     3
	NilClass                        3
	WEBrick::HTTPVersion            2
	ThreadGroup                     2
	TracePoint                      2


 Total Method Calls: 4959
